[    0.000000] Linux version 4.15.0-106-generic (buildd@lcy01-amd64-016) (gcc version 7.5.0 (Ubuntu 7.5.0-3ubuntu1~18.04)) #107-Ubuntu SMP Thu Jun 4 11:27:52 UTC 2020 (Ubuntu 4.15.0-106.107-generic 4.15.18)
[    0.000000] Command line: BOOT_IMAGE=/boot/vmlinuz-4.15.0-106-generic root=LABEL=cloudimg-rootfs ro console=tty1 console=ttyS0
[    0.000000] KERNEL supported cpus:
[    0.000000]   Intel GenuineIntel
[    0.000000]   AMD AuthenticAMD
[    0.000000]   Centaur CentaurHauls
[    0.000000] x86/fpu: Supporting XSAVE feature 0x001: 'x87 floating point registers'
[    0.000000] x86/fpu: Supporting XSAVE feature 0x002: 'SSE registers'
[    0.000000] x86/fpu: Supporting XSAVE feature 0x004: 'AVX registers'
[    0.000000] x86/fpu: xstate_offset[2]:  576, xstate_sizes[2]:  256
[    0.000000] x86/fpu: Enabled xstate features 0x7, context size is 832 bytes, using 'standard' format.
[    0.000000] e820: BIOS-provided physical RAM map:
[    0.000000] BIOS-e820: [mem 0x0000000000000000-0x000000000009fbff] usable
[    0.000000] BIOS-e820: [mem 0x000000000009fc00-0x000000000009ffff] reserved
[    0.000000] BIOS-e820: [mem 0x00000000000f0000-0x00000000000fffff] reserved
[    0.000000] BIOS-e820: [mem 0x0000000000100000-0x000000003ffeffff] usable
[    0.000000] BIOS-e820: [mem 0x000000003fff0000-0x000000003fffffff] ACPI data
[    0.000000] BIOS-e820: [mem 0x00000000fec00000-0x00000000fec00fff] reserved
[    0.000000] BIOS-e820: [mem 0x00000000fee00000-0x00000000fee00fff] reserved
[    0.000000] BIOS-e820: [mem 0x00000000fffc0000-0x00000000ffffffff] reserved
[    0.000000] NX (Execute Disable) protection: active
[    0.000000] SMBIOS 2.5 present.
[    0.000000] DMI: innotek GmbH VirtualBox/VirtualBox, BIOS VirtualBox 12/01/2006
[    0.000000] Hypervisor detected: KVM
[    0.000000] e820: last_pfn = 0x3fff0 max_arch_pfn = 0x400000000
[    0.000000] MTRR: Disabled
[    0.000000] x86/PAT: MTRRs disabled, skipping PAT initialization too.
[    0.000000] CPU MTRRs all blank - virtualized system.
[    0.000000] x86/PAT: Configuration [0-7]: WB  WT  UC- UC  WB  WT  UC- UC  
[    0.000000] found SMP MP-table at [mem 0x0009fff0-0x0009ffff]
[    0.000000] Scanning 1 areas for low memory corruption
[    0.000000] RAMDISK: [mem 0x35a6d000-0x36d2dfff]
[    0.000000] ACPI: Early table checksum verification disabled
[    0.000000] ACPI: RSDP 0x00000000000E0000 000024 (v02 VBOX  )
[    0.000000] ACPI: XSDT 0x000000003FFF0030 00003C (v01 VBOX   VBOXXSDT 00000001 ASL  00000061)
[    0.000000] ACPI: FACP 0x000000003FFF00F0 0000F4 (v04 VBOX   VBOXFACP 00000001 ASL  00000061)
[    0.000000] ACPI: DSDT 0x000000003FFF0470 002325 (v02 VBOX   VBOXBIOS 00000002 INTL 20100528)
[    0.000000] ACPI: FACS 0x000000003FFF0200 000040
[    0.000000] ACPI: FACS 0x000000003FFF0200 000040
[    0.000000] ACPI: APIC 0x000000003FFF0240 00005C (v02 VBOX   VBOXAPIC 00000001 ASL  00000061)
[    0.000000] ACPI: SSDT 0x000000003FFF02A0 0001CC (v01 VBOX   VBOXCPUT 00000002 INTL 20100528)
[    0.000000] No NUMA configuration found
[    0.000000] Faking a node at [mem 0x0000000000000000-0x000000003ffeffff]
[    0.000000] NODE_DATA(0) allocated [mem 0x3ffc5000-0x3ffeffff]
[    0.000000] kvm-clock: cpu 0, msr 0:3ff44001, primary cpu clock
[    0.000000] kvm-clock: Using msrs 4b564d01 and 4b564d00
[    0.000000] kvm-clock: using sched offset of 4206581759 cycles
[    0.000000] clocksource: kvm-clock: mask: 0xffffffffffffffff max_cycles: 0x1cd42e4dffb, max_idle_ns: 881590591483 ns
[    0.000000] Zone ranges:
[    0.000000]   DMA      [mem 0x0000000000001000-0x0000000000ffffff]
[    0.000000]   DMA32    [mem 0x0000000001000000-0x000000003ffeffff]
[    0.000000]   Normal   empty
[    0.000000]   Device   empty
[    0.000000] Movable zone start for each node
[    0.000000] Early memory node ranges
[    0.000000]   node   0: [mem 0x0000000000001000-0x000000000009efff]
[    0.000000]   node   0: [mem 0x0000000000100000-0x000000003ffeffff]
[    0.000000] Reserved but unavailable: 98 pages
[    0.000000] Initmem setup node 0 [mem 0x0000000000001000-0x000000003ffeffff]
[    0.000000] ACPI: PM-Timer IO Port: 0x4008
[    0.000000] IOAPIC[0]: apic_id 2, version 32, address 0xfec00000, GSI 0-23
[    0.000000] ACPI: INT_SRC_OVR (bus 0 bus_irq 0 global_irq 2 dfl dfl)
[    0.000000] ACPI: INT_SRC_OVR (bus 0 bus_irq 9 global_irq 9 low level)
[    0.000000] Using ACPI (MADT) for SMP configuration information
[    0.000000] smpboot: Allowing 2 CPUs, 0 hotplug CPUs
[    0.000000] PM: Registered nosave memory: [mem 0x00000000-0x00000fff]
[    0.000000] PM: Registered nosave memory: [mem 0x0009f000-0x0009ffff]
[    0.000000] PM: Registered nosave memory: [mem 0x000a0000-0x000effff]
[    0.000000] PM: Registered nosave memory: [mem 0x000f0000-0x000fffff]
[    0.000000] e820: [mem 0x40000000-0xfebfffff] available for PCI devices
[    0.000000] Booting paravirtualized kernel on KVM
[    0.000000] clocksource: refined-jiffies: mask: 0xffffffff max_cycles: 0xffffffff, max_idle_ns: 7645519600211568 ns
[    0.000000] random: get_random_bytes called from start_kernel+0x99/0x4fd with crng_init=0
[    0.000000] setup_percpu: NR_CPUS:8192 nr_cpumask_bits:2 nr_cpu_ids:2 nr_node_ids:1
[    0.000000] percpu: Embedded 45 pages/cpu s147456 r8192 d28672 u1048576
[    0.000000] PV qspinlock hash table entries: 256 (order: 0, 4096 bytes)
[    0.000000] Built 1 zonelists, mobility grouping on.  Total pages: 257913
[    0.000000] Policy zone: DMA32
[    0.000000] Kernel command line: BOOT_IMAGE=/boot/vmlinuz-4.15.0-106-generic root=LABEL=cloudimg-rootfs ro console=tty1 console=ttyS0
[    0.000000] Memory: 983048K/1048120K available (12300K kernel code, 2481K rwdata, 4272K rodata, 2436K init, 2720K bss, 65072K reserved, 0K cma-reserved)
[    0.000000] SLUB: HWalign=64, Order=0-3, MinObjects=0, CPUs=2, Nodes=1
[    0.000000] Kernel/User page tables isolation: enabled
[    0.000000] ftrace: allocating 39378 entries in 154 pages
[    0.004000] Hierarchical RCU implementation.
[    0.004000] 	RCU restricting CPUs from NR_CPUS=8192 to nr_cpu_ids=2.
[    0.004000] 	Tasks RCU enabled.
[    0.004000] RCU: Adjusting geometry for rcu_fanout_leaf=16, nr_cpu_ids=2
[    0.004000] NR_IRQS: 524544, nr_irqs: 440, preallocated irqs: 16
[    0.004000] Console: colour VGA+ 80x25
[    0.004000] console [tty1] enabled
[    0.004000] console [ttyS0] enabled
[    0.004000] ACPI: Core revision 20170831
[    0.004000] ACPI: 2 ACPI AML tables successfully acquired and loaded
[    0.004000] APIC: Switch to symmetric I/O mode setup
[    0.004000] x2apic enabled
[    0.004000] Switched APIC routing to physical x2apic.
[    0.004000] ..TIMER: vector=0x30 apic1=0 pin1=2 apic2=-1 pin2=-1
[    0.004004] tsc: Detected 2494.226 MHz processor
[    0.004893] Calibrating delay loop (skipped) preset value.. 4988.45 BogoMIPS (lpj=9976904)
[    0.005651] pid_max: default: 32768 minimum: 301
[    0.008029] Security Framework initialized
[    0.008820] Yama: becoming mindful.
[    0.009542] AppArmor: AppArmor initialized
[    0.011734] Dentry cache hash table entries: 131072 (order: 8, 1048576 bytes)
[    0.012074] Inode-cache hash table entries: 65536 (order: 7, 524288 bytes)
[    0.013455] Mount-cache hash table entries: 2048 (order: 2, 16384 bytes)
[    0.016005] Mountpoint-cache hash table entries: 2048 (order: 2, 16384 bytes)
[    0.017501] Last level iTLB entries: 4KB 1024, 2MB 1024, 4MB 1024
[    0.018607] Last level dTLB entries: 4KB 1024, 2MB 1024, 4MB 1024, 1GB 4
[    0.020002] Spectre V1 : Mitigation: usercopy/swapgs barriers and __user pointer sanitization
[    0.021520] Spectre V2 : Mitigation: Full generic retpoline
[    0.022594] Spectre V2 : Spectre v2 / SpectreRSB mitigation: Filling RSB on context switch
[    0.024002] Speculative Store Bypass: Vulnerable
[    0.025064] SRBDS: Unknown: Dependent on hypervisor status
[    0.026102] MDS: Mitigation: Clear CPU buffers
[    0.027119] Freeing SMP alternatives memory: 36K
[    0.138386] smpboot: CPU0: Intel(R) Core(TM) i7-4870HQ CPU @ 2.50GHz (family: 0x6, model: 0x46, stepping: 0x1)
[    0.140000] Performance Events: unsupported p6 CPU model 70 no PMU driver, software events only.
[    0.140040] Hierarchical SRCU implementation.
[    0.141593] NMI watchdog: Perf event create on CPU 0 failed with -2
[    0.142902] NMI watchdog: Perf NMI watchdog permanently disabled
[    0.144054] smp: Bringing up secondary CPUs ...
[    0.145207] x86: Booting SMP configuration:
[    0.146082] .... node  #0, CPUs:      #1
[    0.004000] kvm-clock: cpu 1, msr 0:3ff44041, secondary cpu clock
[    0.151484] smp: Brought up 1 node, 2 CPUs
[    0.152008] smpboot: Max logical packages: 1
[    0.153117] smpboot: Total of 2 processors activated (9976.90 BogoMIPS)
[    0.154829] devtmpfs: initialized
[    0.156060] x86/mm: Memory block size: 128MB
[    0.157181] evm: security.selinux
[    0.157914] evm: security.SMACK64
[    0.158767] evm: security.SMACK64EXEC
[    0.160004] evm: security.SMACK64TRANSMUTE
[    0.160935] evm: security.SMACK64MMAP
[    0.161737] evm: security.apparmor
[    0.162522] evm: security.ima
[    0.163337] evm: security.capability
[    0.164101] clocksource: jiffies: mask: 0xffffffff max_cycles: 0xffffffff, max_idle_ns: 7645041785100000 ns
[    0.166302] futex hash table entries: 512 (order: 3, 32768 bytes)
[    0.169678] pinctrl core: initialized pinctrl subsystem
[    0.172131] RTC time:  4:10:29, date: 06/22/20
[    0.173438] NET: Registered protocol family 16
[    0.174428] audit: initializing netlink subsys (disabled)
[    0.176025] audit: type=2000 audit(1592799034.866:1): state=initialized audit_enabled=0 res=1
[    0.177715] cpuidle: using governor ladder
[    0.177715] cpuidle: using governor menu
[    0.178216] ACPI: bus type PCI registered
[    0.180004] acpiphp: ACPI Hot Plug PCI Controller Driver version: 0.5
[    0.181451] PCI: Using configuration type 1 for base access
[    0.184603] HugeTLB registered 2.00 MiB page size, pre-allocated 0 pages
[    0.185404] ACPI: Added _OSI(Module Device)
[    0.185404] ACPI: Added _OSI(Processor Device)
[    0.188004] ACPI: Added _OSI(3.0 _SCP Extensions)
[    0.188955] ACPI: Added _OSI(Processor Aggregator Device)
[    0.189967] ACPI: Added _OSI(Linux-Dell-Video)
[    0.190860] ACPI: Added _OSI(Linux-Lenovo-NV-HDMI-Audio)
[    0.192004] ACPI: Added _OSI(Linux-HPI-Hybrid-Graphics)
[    0.193337] ACPI: Executed 1 blocks of module-level executable AML code
[    0.198885] ACPI: Interpreter enabled
[    0.199772] ACPI: (supports S0 S5)
[    0.200004] ACPI: Using IOAPIC for interrupt routing
[    0.201284] PCI: Using host bridge windows from ACPI; if necessary, use "pci=nocrs" and report a bug
[    0.203314] ACPI: Enabled 2 GPEs in block 00 to 07
[    0.211233] ACPI: PCI Root Bridge [PCI0] (domain 0000 [bus 00-ff])
[    0.212007] acpi PNP0A03:00: _OSC: OS supports [ASPM ClockPM Segments MSI]
[    0.213618] acpi PNP0A03:00: _OSC: not requesting OS control; OS requires [ExtendedConfig ASPM ClockPM MSI]
[    0.216012] acpi PNP0A03:00: fail to add MMCONFIG information, can't access extended PCI configuration space under this bridge.
[    0.218492] PCI host bridge to bus 0000:00
[    0.219303] pci_bus 0000:00: root bus resource [io  0x0000-0x0cf7 window]
[    0.220005] pci_bus 0000:00: root bus resource [io  0x0d00-0xffff window]
[    0.221433] pci_bus 0000:00: root bus resource [mem 0x000a0000-0x000bffff window]
[    0.224003] pci_bus 0000:00: root bus resource [mem 0x40000000-0xfdffffff window]
[    0.225522] pci_bus 0000:00: root bus resource [bus 00-ff]
[    0.229684] pci 0000:00:01.1: legacy IDE quirk: reg 0x10: [io  0x01f0-0x01f7]
[    0.231035] pci 0000:00:01.1: legacy IDE quirk: reg 0x14: [io  0x03f6]
[    0.232003] pci 0000:00:01.1: legacy IDE quirk: reg 0x18: [io  0x0170-0x0177]
[    0.233843] pci 0000:00:01.1: legacy IDE quirk: reg 0x1c: [io  0x0376]
[    0.248844] pci 0000:00:07.0: quirk: [io  0x4000-0x403f] claimed by PIIX4 ACPI
[    0.250391] pci 0000:00:07.0: quirk: [io  0x4100-0x410f] claimed by PIIX4 SMB
[    0.257895] ACPI: PCI Interrupt Link [LNKA] (IRQs 5 9 10 *11)
[    0.259253] ACPI: PCI Interrupt Link [LNKB] (IRQs 5 9 *10 11)
[    0.260132] ACPI: PCI Interrupt Link [LNKC] (IRQs 5 *9 10 11)
[    0.261461] ACPI: PCI Interrupt Link [LNKD] (IRQs 5 9 10 *11)
[    0.263257] SCSI subsystem initialized
[    0.264050] pci 0000:00:02.0: vgaarb: setting as boot VGA device
[    0.265214] pci 0000:00:02.0: vgaarb: VGA device added: decodes=io+mem,owns=io+mem,locks=none
[    0.266771] pci 0000:00:02.0: vgaarb: bridge control possible
[    0.268008] vgaarb: loaded
[    0.268569] ACPI: bus type USB registered
[    0.269358] usbcore: registered new interface driver usbfs
[    0.270378] usbcore: registered new interface driver hub
[    0.271379] usbcore: registered new device driver usb
[    0.272052] EDAC MC: Ver: 3.0.0
[    0.272938] PCI: Using ACPI for IRQ routing
[    0.273133] NetLabel: Initializing
[    0.273815] NetLabel:  domain hash size = 128
[    0.276006] NetLabel:  protocols = UNLABELED CIPSOv4 CALIPSO
[    0.277042] NetLabel:  unlabeled traffic allowed by default
[    0.278077] clocksource: Switched to clocksource kvm-clock
[    0.288685] VFS: Disk quotas dquot_6.6.0
[    0.289489] VFS: Dquot-cache hash table entries: 512 (order 0, 4096 bytes)
[    0.290757] AppArmor: AppArmor Filesystem Enabled
[    0.291632] pnp: PnP ACPI init
[    0.293601] pnp: PnP ACPI: found 3 devices
[    0.303698] clocksource: acpi_pm: mask: 0xffffff max_cycles: 0xffffff, max_idle_ns: 2085701024 ns
[    0.305549] NET: Registered protocol family 2
[    0.306530] TCP established hash table entries: 8192 (order: 4, 65536 bytes)
[    0.307823] TCP bind hash table entries: 8192 (order: 5, 131072 bytes)
[    0.310484] TCP: Hash tables configured (established 8192 bind 8192)
[    0.311799] UDP hash table entries: 512 (order: 2, 16384 bytes)
[    0.312939] UDP-Lite hash table entries: 512 (order: 2, 16384 bytes)
[    0.314143] NET: Registered protocol family 1
[    0.314982] pci 0000:00:00.0: Limiting direct PCI/PCI transfers
[    0.316135] pci 0000:00:01.0: Activating ISA DMA hang workarounds
[    0.317328] pci 0000:00:02.0: Video device with shadowed ROM at [mem 0x000c0000-0x000dffff]
[    0.319150] Unpacking initramfs...
[    0.581740] Freeing initrd memory: 19204K
[    0.582787] clocksource: tsc: mask: 0xffffffffffffffff max_cycles: 0x23f3eb3743e, max_idle_ns: 440795257847 ns
[    0.584568] platform rtc_cmos: registered platform RTC device (no PNP device found)
[    0.586070] Scanning for low memory corruption every 60 seconds
[    0.587887] Initialise system trusted keyrings
[    0.588888] Key type blacklist registered
[    0.589755] workingset: timestamp_bits=36 max_order=18 bucket_order=0
[    0.591697] zbud: loaded
[    0.592770] squashfs: version 4.0 (2009/01/31) Phillip Lougher
[    0.594129] fuse init (API version 7.26)
[    0.598897] Key type asymmetric registered
[    0.599739] Asymmetric key parser 'x509' registered
[    0.600886] Block layer SCSI generic (bsg) driver version 0.4 loaded (major 246)
[    0.602380] io scheduler noop registered
[    0.603125] io scheduler deadline registered
[    0.603927] io scheduler cfq registered (default)
[    0.605370] ACPI: AC Adapter [AC] (on-line)
[    0.606328] input: Power Button as /devices/LNXSYSTM:00/LNXPWRBN:00/input/input0
[    0.607719] ACPI: Power Button [PWRF]
[    0.608597] input: Sleep Button as /devices/LNXSYSTM:00/LNXSLPBN:00/input/input1
[    0.610396] ACPI: Sleep Button [SLPF]
[    0.612280] Serial: 8250/16550 driver, 32 ports, IRQ sharing enabled
[    0.612555] ACPI: Battery Slot [BAT0] (battery present)
[    0.635066] 00:02: ttyS0 at I/O 0x3f8 (irq = 4, base_baud = 115200) is a 16550A
[    0.637711] Linux agpgart interface v0.103
[    0.639478] loop: module loaded
[    0.640704] scsi host0: ata_piix
[    0.641682] scsi host1: ata_piix
[    0.642457] ata1: PATA max UDMA/33 cmd 0x1f0 ctl 0x3f6 bmdma 0xd000 irq 14
[    0.643901] ata2: PATA max UDMA/33 cmd 0x170 ctl 0x376 bmdma 0xd008 irq 15
[    0.645503] libphy: Fixed MDIO Bus: probed
[    0.646379] tun: Universal TUN/TAP device driver, 1.6
[    0.647396] PPP generic driver version 2.4.2
[    0.648383] ehci_hcd: USB 2.0 'Enhanced' Host Controller (EHCI) Driver
[    0.649551] ehci-pci: EHCI PCI platform driver
[    0.650348] ehci-platform: EHCI generic platform driver
[    0.651269] ohci_hcd: USB 1.1 'Open' Host Controller (OHCI) Driver
[    0.652464] ohci-pci: OHCI PCI platform driver
[    0.653337] ohci-platform: OHCI generic platform driver
[    0.654268] uhci_hcd: USB Universal Host Controller Interface driver
[    0.655504] i8042: PNP: PS/2 Controller [PNP0303:PS2K,PNP0f03:PS2M] at 0x60,0x64 irq 1,12
[    0.657589] serio: i8042 KBD port at 0x60,0x64 irq 1
[    0.658712] serio: i8042 AUX port at 0x60,0x64 irq 12
[    0.659828] mousedev: PS/2 mouse device common for all mice
[    0.661229] input: AT Translated Set 2 keyboard as /devices/platform/i8042/serio0/input/input2
[    0.663392] rtc_cmos rtc_cmos: rtc core: registered rtc_cmos as rtc0
[    0.664701] rtc_cmos rtc_cmos: alarms up to one day, 114 bytes nvram
[    0.665887] i2c /dev entries driver
[    0.666618] device-mapper: uevent: version 1.0.3
[    0.667576] device-mapper: ioctl: 4.37.0-ioctl (2017-09-20) initialised: dm-devel@redhat.com
[    0.669426] ledtrig-cpu: registered to indicate activity on CPUs
[    0.670908] NET: Registered protocol family 10
[    0.674786] Segment Routing with IPv6
[    0.675508] NET: Registered protocol family 17
[    0.676845] Key type dns_resolver registered
[    0.677954] mce: Using 0 MCE banks
[    0.678687] RAS: Correctable Errors collector initialized.
[    0.679720] sched_clock: Marking stable (677836564, 0)->(833404918, -155568354)
[    0.681784] registered taskstats version 1
[    0.682683] Loading compiled-in X.509 certificates
[    0.685954] Loaded X.509 cert 'Build time autogenerated kernel key: b1772ce3e036cbf6bf2b7e9ed9be0f8806d61091'
[    0.687809] zswap: loaded using pool lzo/zbud
[    0.691557] Key type big_key registered
[    0.692380] Key type trusted registered
[    0.694828] Key type encrypted registered
[    0.695570] AppArmor: AppArmor sha1 policy hashing enabled
[    0.696698] ima: No TPM chip found, activating TPM-bypass! (rc=-19)
[    0.697996] ima: Allocated hash algorithm: sha1
[    0.698934] evm: HMAC attrs: 0x1
[    0.699771]   Magic number: 8:690:161
[    0.700677] rtc_cmos rtc_cmos: setting system clock to 2020-06-22 04:10:30 UTC (1592799030)
[    0.702354] BIOS EDD facility v0.16 2004-Jun-25, 0 devices found
[    0.703445] EDD information not available.
[    1.172152] Freeing unused kernel image memory: 2436K
[    1.184609] Write protecting the kernel read-only data: 20480k
[    1.187217] Freeing unused kernel image memory: 2008K
[    1.189115] Freeing unused kernel image memory: 1872K
[    1.196218] x86/mm: Checked W+X mappings: passed, no W+X pages found.
[    1.197541] x86/mm: Checking user space page tables
[    1.204117] x86/mm: Checked W+X mappings: passed, no W+X pages found.
Loading, please wait...
starting version 237
[    1.274726] e1000: Intel(R) PRO/1000 Network Driver - version 7.3.21-k8-NAPI
[    1.276335] e1000: Copyright (c) 1999-2006 Intel Corporation.
[    1.293535] Fusion MPT base driver 3.04.20
[    1.294553] Copyright (c) 1999-2008 LSI Corporation
[    1.301355] AVX2 version of gcm_enc/dec engaged.
[    1.302017] Fusion MPT SPI Host driver 3.04.20
[    1.302336] AES CTR mode by8 optimization enabled
[    1.499387] input: ImExPS/2 Generic Explorer Mouse as /devices/platform/i8042/serio1/input/input4
[    1.709470] e1000 0000:00:03.0 eth0: (PCI:33MHz:32-bit) 02:fc:38:2c:42:7e
[    1.710908] e1000 0000:00:03.0 eth0: Intel(R) PRO/1000 Network Connection
[    1.713668] e1000 0000:00:03.0 enp0s3: renamed from eth0
[    1.714801] mptbase: ioc0: Initiating bringup
[    1.813542] ioc0: LSI53C1030 A0: Capabilities={Initiator}
[    2.055461] scsi host2: ioc0: LSI53C1030 A0, FwRev=00000000h, Ports=1, MaxQ=256, IRQ=20
[    2.225821] scsi 2:0:0:0: Direct-Access     VBOX     HARDDISK         1.0  PQ: 0 ANSI: 5
[    2.260110] scsi target2:0:0: Beginning Domain Validation
[    2.265207] scsi target2:0:0: Domain Validation skipping write tests
[    2.266794] scsi target2:0:0: Ending Domain Validation
[    2.268405] scsi target2:0:0: asynchronous
[    2.269936] scsi 2:0:1:0: Direct-Access     VBOX     HARDDISK         1.0  PQ: 0 ANSI: 5
[    2.300290] scsi target2:0:1: Beginning Domain Validation
[    2.302934] random: fast init done
[    2.303934] scsi target2:0:1: Domain Validation skipping write tests
[    2.305245] scsi target2:0:1: Ending Domain Validation
[    2.306368] scsi target2:0:1: asynchronous
[    2.311464] random: systemd-udevd: uninitialized urandom read (16 bytes read)
[    2.312976] random: systemd-udevd: uninitialized urandom read (16 bytes read)
[    2.314351] random: systemd-udevd: uninitialized urandom read (16 bytes read)
[    2.316149] sd 2:0:0:0: Attached scsi generic sg0 type 0
[    2.316350] sd 2:0:0:0: [sda] 20971520 512-byte logical blocks: (10.7 GB/10.0 GiB)
[    2.319531] sd 2:0:0:0: [sda] Write Protect is off
[    2.320741] sd 2:0:1:0: Attached scsi generic sg1 type 0
[    2.320765] sd 2:0:0:0: [sda] Incomplete mode parameter data
[    2.323489] sd 2:0:0:0: [sda] Assuming drive cache: write through
[    2.323507] sd 2:0:1:0: [sdb] 20480 512-byte logical blocks: (10.5 MB/10.0 MiB)
[    2.326605]  sda: sda1
[    2.327478] sd 2:0:1:0: [sdb] Write Protect is off
[    2.328313] sd 2:0:0:0: [sda] Attached SCSI disk
[    2.331718] sd 2:0:1:0: [sdb] Incomplete mode parameter data
[    2.332995] sd 2:0:1:0: [sdb] Assuming drive cache: write through
[    2.337128] sd 2:0:1:0: [sdb] Attached SCSI disk
Begin: Loading essential drivers ... [    3.760849] raid6: sse2x1   gen() 11202 MB/s
[    3.808153] raid6: sse2x1   xor()  6559 MB/s
[    3.858605] raid6: sse2x2   gen() 14110 MB/s
[    3.908263] raid6: sse2x2   xor()  8439 MB/s
[    3.957408] raid6: sse2x4   gen() 15806 MB/s
[    4.004051] raid6: sse2x4   xor()  8771 MB/s
[    4.054361] raid6: avx2x1   gen() 19750 MB/s
[    4.100058] raid6: avx2x1   xor() 13302 MB/s
[    4.153867] raid6: avx2x2   gen() 27278 MB/s
[    4.212182] raid6: avx2x2   xor()  2724 MB/s
[    4.260143] raid6: avx2x4   gen()  9175 MB/s
[    4.309973] raid6: avx2x4   xor() 10606 MB/s
[    4.311363] raid6: using algorithm avx2x2 gen() 27278 MB/s
[    4.313269] raid6: .... xor() 2724 MB/s, rmw enabled
[    4.314720] raid6: using avx2x2 recovery algorithm
[    4.318110] xor: automatically using best checksumming function   avx       
[    4.322348] async_tx: api initialized (async)
done.
Begin: Running /scripts/init-premount ... done.
Begin: Mounting root file system ... Begin: Running /scripts/local-top ... done.
Begin: Running /scripts/local-premount ... [    4.375413] Btrfs loaded, crc32c=crc32c-intel
Scanning for Btrfs filesystems
done.
Warning: fsck not present, so skipping root file system
[    4.408712] EXT4-fs (sda1): mounted filesystem with ordered data mode. Opts: (null)
done.
Begin: Running /scripts/local-bottom ... done.
Begin: Running /scripts/init-bottom ... done.
[    4.599130] ip_tables: (C) 2000-2006 Netfilter Core Team
[    4.609724] systemd[1]: systemd 237 running in system mode. (+PAM +AUDIT +SELINUX +IMA +APPARMOR +SMACK +SYSVINIT +UTMP +LIBCRYPTSETUP +GCRYPT +GNUTLS +ACL +XZ +LZ4 +SECCOMP +BLKID +ELFUTILS +KMOD -IDN2 +IDN -PCRE2 default-hierarchy=hybrid)
[    4.613620] systemd[1]: Detected virtualization oracle.
[    4.614714] systemd[1]: Detected architecture x86-64.

Welcome to [1mUbuntu 18.04.4 LTS[0m!

[    4.621004] systemd[1]: Set hostname to <ubuntu>.
[    4.627102] systemd[1]: Initializing machine ID from random generator.
[    4.628410] systemd[1]: Installed transient /etc/machine-id file.
[    4.887918] systemd[1]: Set up automount Arbitrary Executable File Formats File System Automount Point.
[[0;32m  OK  [0m] Set up automount Arbitrary Executab…rmats File System Automount Point.
[    4.891252] systemd[1]: Reached target User and Group Name Lookups.
[[0;32m  OK  [0m] Reached target User and Group Name Lookups.
[    4.893503] systemd[1]: Started Forward Password Requests to Wall Directory Watch.
[[0;32m  OK  [0m] Started Forward Password Requests to Wall Directory Watch.
[    4.895808] systemd[1]: Reached target Swap.
[[0;32m  OK  [0m] Reached target Swap.
[[0;32m  OK  [0m] Reached target System Time Synchronized.
[[0;32m  OK  [0m] Created slice User and Session Slice.
[[0;32m  OK  [0m] Created slice System Slice.
[[0;32m  OK  [0m] Listening on LVM2 metadata daemon socket.
[[0;32m  OK  [0m] Listening on Syslog Socket.
[[0;32m  OK  [0m] Listening on Device-mapper event daemon FIFOs.
[[0;32m  OK  [0m] Listening on udev Control Socket.
[[0;32m  OK  [0m] Listening on LVM2 poll daemon socket.
[[0;32m  OK  [0m] Listening on Journal Socket (/dev/log).
[[0;32m  OK  [0m] Reached target Slices.
[[0;32m  OK  [0m] Listening on Network Service Netlink Socket.
[[0;32m  OK  [0m] Created slice system-serial\x2dgetty.slice.
[[0;32m  OK  [0m] Listening on /dev/initctl Compatibility Named Pipe.
[[0;32m  OK  [0m] Listening on Journal Socket.
         Starting Uncomplicated firewall...
         Mounting POSIX Message Queue File System...
         Mounting Huge Pages File System...
         Starting Monitoring of LVM2 mirrors…ng dmeventd or progress polling...
         Mounting Kernel Debug File System...
         Starting Load Kernel Modules...
         Starting Create list of required st…ce nodes for the current kernel...
         Starting Set the console keyboard layout...
         Starting Remount Root and Kernel File Systems...
[[0;32m  OK  [0m] Listening on Journal Audit Socket.
         Starting Journal Service...
[    5.024397] Loading iSCSI transport class v2.0-870.
[[0;32m  OK  [0m] Listening on udev Kernel Socket.
         Starting udev Coldplug all Devices...
[    5.032881] iscsi: registered transport (tcp)
[[0;32m  OK  [0m] Started Uncomplicated firewall.
[[0;32m  OK  [0m] Mounted POSIX Message Queue File System.
[[0;32m  OK  [0m] Mounted Huge Pages File System.
[[0;32m  OK  [0m] Mounted Kernel Debug File System.
[[0;32m  OK  [0m] Started LVM2 metadata daemon.
[    5.055874] iscsi: registered transport (iser)
[[0;32m  OK  [0m] Started Load Kernel Modules.
[[0;32m  OK  [0m] Started Create list of required sta…vice nodes for the current kernel.
         Starting Create Static Device Nodes in /dev...
         Starting Apply Kernel Variables...
         Mounting FUSE Control File System...
         Mounting Kernel Configuration File System...
[[0;32m  OK  [0m] Mounted FUSE Control File System.
[[0;32m  OK  [0m] Mounted Kernel Configuration File System.
[[0;32m  OK  [0m] Started Journal Service.
[[0;32m  OK  [0m] Started Create Static Device Nodes in /dev.
[[0;32m  OK  [0m] Started udev Coldplug all Devices.
[[0;32m  OK  [0m] Started Remount Root and Kernel File Systems.
         Starting Flush Journal to Persistent Storage...
         Starting Load/Save Random Seed...
         Starting udev Kernel Device Manager...
[[0;32m  OK  [0m] Started Apply Kernel Variables.
[[0;32m  OK  [0m] Started Load/Save Random Seed.
[[0;32m  OK  [0m] Started Monitoring of LVM2 mirrors,…sing dmeventd or progress polling.
[[0;32m  OK  [0m] Started Flush Journal to Persistent Storage.
[[0;32m  OK  [0m] Started udev Kernel Device Manager.
[[0;32m  OK  [0m] Found device /dev/ttyS0.
[[0;32m  OK  [0m] Listening on Load/Save RF Kill Switch Status /dev/rfkill Watch.
[[0;32m  OK  [0m] Started Set the console keyboard layout.
[[0;32m  OK  [0m] Started Dispatch Password Requests to Console Directory Watch.
[[0;32m  OK  [0m] Reached target Local Encrypted Volumes.
[[0;32m  OK  [0m] Reached target Local File Systems (Pre).
[[0;32m  OK  [0m] Reached target Local File Systems.
         Starting AppArmor initialization...
         Starting Commit a transient machine-id on disk...
         Starting Create Volatile Files and Directories...
         Starting Tell Plymouth To Write Out Runtime Data...
         Starting Set console font and keymap...
         Starting ebtables ruleset management...
[[0;32m  OK  [0m] Started Tell Plymouth To Write Out Runtime Data.
[[0;32m  OK  [0m] Started Commit a transient machine-id on disk.
[[0;32m  OK  [0m] Started Create Volatile Files and Directories.
         Starting Update UTMP about System Boot/Shutdown...
[[0;32m  OK  [0m] Started Update UTMP about System Boot/Shutdown.
[[0;32m  OK  [0m] Started ebtables ruleset management.
[[0;32m  OK  [0m] Started AppArmor initialization.
         Starting Initial cloud-init job (pre-networking)...
[[0;32m  OK  [0m] Started Set console font and keymap.
[    8.500608] cloud-init[801]: Cloud-init v. 19.4-33-gbb4131a2-0ubuntu1~18.04.1 running 'init-local' at Mon, 22 Jun 2020 04:10:37 +0000. Up 8.17 seconds.
[[0;32m  OK  [0m] Started Initial cloud-init job (pre-networking).
[[0;32m  OK  [0m] Reached target Network (Pre).
         Starting Network Service...
[[0;32m  OK  [0m] Started Network Service.
         Starting Wait for Network to be Configured...
         Starting Network Name Resolution...
[[0;32m  OK  [0m] Started Network Name Resolution.
[[0;32m  OK  [0m] Reached target Host and Network Name Lookups.
[[0;32m  OK  [0m] Reached target Network.
[[0;32m  OK  [0m] Started Wait for Network to be Configured.
         Starting Initial cloud-init job (metadata service crawler)...
[   11.063473] cloud-init[961]: Cloud-init v. 19.4-33-gbb4131a2-0ubuntu1~18.04.1 running 'init' at Mon, 22 Jun 2020 04:10:40 +0000. Up 10.93 seconds.
[   11.072443] cloud-init[961]: ci-info: ++++++++++++++++++++++++++++++++++++++Net device info++++++++++++++++++++++++++++++++++++++
[   11.073863] cloud-init[961]: ci-info: +--------+------+----------------------------+---------------+--------+-------------------+
[   11.084239] cloud-init[961]: ci-info: | Device |  Up  |          Address           |      Mask     | Scope  |     Hw-Address    |
[   11.085896] cloud-init[961]: ci-info: +--------+------+----------------------------+---------------+--------+-------------------+
[   11.087414] cloud-init[961]: ci-info: | enp0s3 | True |         10.0.2.15          | 255.255.255.0 | global | 02:fc:38:2c:42:7e |
[   11.089001] cloud-init[961]: ci-info: | enp0s3 | True | fe80::fc:38ff:fe2c:427e/64 |       .       |  link  | 02:fc:38:2c:42:7e |
[   11.090617] cloud-init[961]: ci-info: |   lo   | True |         127.0.0.1          |   255.0.0.0   |  host  |         .         |
[   11.104176] cloud-init[961]: ci-info: |   lo   | True |          ::1/128           |       .       |  host  |         .         |
[   11.105547] cloud-init[961]: ci-info: +--------+------+----------------------------+---------------+--------+-------------------+
[   11.106809] cloud-init[961]: ci-info: ++++++++++++++++++++++++++++Route IPv4 info+++++++++++++++++++++++++++++
[   11.116249] cloud-init[961]: ci-info: +-------+-------------+----------+-----------------+-----------+-------+
[   11.128450] cloud-init[961]: ci-info: | Route | Destination | Gateway  |     Genmask     | Interface | Flags |
[   11.129986] cloud-init[961]: ci-info: +-------+-------------+----------+-----------------+-----------+-------+
[   11.131206] cloud-init[961]: ci-info: |   0   |   0.0.0.0   | 10.0.2.2 |     0.0.0.0     |   enp0s3  |   UG  |
[   11.132598] cloud-init[961]: ci-info: |   1   |   10.0.2.0  | 0.0.0.0  |  255.255.255.0  |   enp0s3  |   U   |
[   11.148281] cloud-init[961]: ci-info: |   2   |   10.0.2.2  | 0.0.0.0  | 255.255.255.255 |   enp0s3  |   UH  |
[   11.160313] cloud-init[961]: ci-info: +-------+-------------+----------+-----------------+-----------+-------+
[   11.162171] cloud-init[961]: ci-info: +++++++++++++++++++Route IPv6 info+++++++++++++++++++
[   11.163487] cloud-init[961]: ci-info: +-------+-------------+---------+-----------+-------+
[   11.164785] cloud-init[961]: ci-info: | Route | Destination | Gateway | Interface | Flags |
[   11.176219] cloud-init[961]: ci-info: +-------+-------------+---------+-----------+-------+
[   11.188225] cloud-init[961]: ci-info: |   1   |  fe80::/64  |    ::   |   enp0s3  |   U   |
[   11.189291] cloud-init[961]: ci-info: |   3   |    local    |    ::   |   enp0s3  |   U   |
[   11.190758] cloud-init[961]: ci-info: |   4   |   ff00::/8  |    ::   |   enp0s3  |   U   |
[   11.192049] cloud-init[961]: ci-info: +-------+-------------+---------+-----------+-------+
[   11.725325] cloud-init[961]: Generating public/private rsa key pair.
[   11.726517] cloud-init[961]: Your identification has been saved in /etc/ssh/ssh_host_rsa_key.
[   11.728333] cloud-init[961]: Your public key has been saved in /etc/ssh/ssh_host_rsa_key.pub.
[   11.731290] cloud-init[961]: The key fingerprint is:
[   11.736360] cloud-init[961]: SHA256:PA83hpjdq4Zj9sjm/EIelcuesLKeONqmUaacwe1n5HA root@ubuntu-bionic
[   11.737935] cloud-init[961]: The key's randomart image is:
[   11.740183] cloud-init[961]: +---[RSA 2048]----+
[   11.748314] cloud-init[961]: |                 |
[   11.749294] cloud-init[961]: |                 |
[   11.750616] cloud-init[961]: |         .       |
[   11.751753] cloud-init[961]: |. .    =oo       |
[   11.752768] cloud-init[961]: | ooo EooS.=      |
[   11.753690] cloud-init[961]: |.++ = + o* o     |
[   11.754607] cloud-init[961]: |oo . * * .o      |
[   11.756117] cloud-init[961]: | oo.++X.+.       |
[   11.768231] cloud-init[961]: |o+oo+B=*+        |
[   11.780186] cloud-init[961]: +----[SHA256]-----+
[   11.792338] cloud-init[961]: Generating public/private dsa key pair.
[[0;32m  OK  [0m] Started Initial cloud-init job (metadata service crawler).
[[0;32m  OK  [0m] Reached target Cloud-config availability.
[   11.811521] cloud-init[961]: Your identification has been saved in /etc/ssh/ssh_host_dsa_key.
[[0;32m  OK  [0m] Reached target System Initialization.
[   11.816318] cloud-init[961]: Your public key has been saved in /etc/ssh/ssh_host_dsa_key.pub.
[[0;32m  OK  [0m] Listening on UUID daemon activation socket.
[   11.819733] [[0;32m  OK  [0m] Listening on Open-iSCSI iscsid Socket.
cloud-init[961]: The key fingerprint is:
         Starting Socket activation for snappy daemon.[   11.832257] cloud-init[961]: SHA256:ofb+RjiSy5gKzvVIe6L1uCq9C3QcnS39IWEiML2LQA4 root@ubuntu-bionic
[   11.833360] cloud-init[961]: The key's randomart image is:
[   11.836091] cloud-init[961]: +---[DSA 1024]----+
[   11.837184] cloud-init[961]: | oo. . o         |
[   11.837861] cloud-init[961]: |E...o * .        |
[   11.839128] cloud-init[961]: |+  ..+ +..       |
[   11.840094] cloud-init[961]: |..... ..o..      |
[   11.840996] cloud-init[961]: |...o. o.So       |
[   11.842139] cloud-init[961]: |.... .o.o .      |
[   11.842505] cloud-init[961]: |o. + + o.o       |
[   11.842856] cloud-init[961]: |+o=.O.o.  .      |

[   11.844674] cloud-init[961]: |.=*O+o  .o.      |
[   11.846453] cloud-init[961]: +----[SHA256]-----+
[[0;32m  OK  [0m[   11.856680] ] cloud-initStarted ACPI Events Check.[961]: 
Generating public/private ecdsa key pair.
[[0;32m  OK  [0m[   11.868535] ] cloud-initReached target Paths.[961]: 
Your identification has been saved in /etc/ssh/ssh_host_ecdsa_key.
[   11.870984] cloud-init[961]: Your public key has been saved in /etc/ssh/ssh_host_ecdsa_key.pub.
[[0;32m  OK  [0m[   11.884681] ] cloud-initListening on D-Bus System Message Bus Socket.[961]: 
The key fingerprint is:
[[   11.885937] cloud-init[961]: SHA256:D2oSOcxxfFR6jO1UwM8KNz4q8QKpJ5WCLYGLTx27H64 root@ubuntu-bionic
[0;32m  OK  [0m[   11.886234] ] cloud-initStarted Daily Cleanup of Temporary Directories.[961]: 
The key's randomart image is:
[   11.888676] cloud-init[961]: +---[ECDSA 256]---+
[   11.888756] cloud-init[961]: |        .oo..    |
[   11.889215] cloud-init[961]: |     . . =..     |
[[0;32m  OK  [0m[   11.890353] ] cloud-initStarted Daily apt download activities.[961]: 
|.   . o + =o     |
[   11.890406] cloud-init[961]: |o  o.+ ..+o o    |
[   11.892162] cloud-init[961]: |.= .*=  S+.o     |
[   11.892256] cloud-init[961]: |= + Bo.. o+      |
[[0;32m  OK  [0m] Started Daily apt upgrade and clean activities.
[   11.893241] cloud-init[961]: | + +.o+o ...     |
[[0;32m  OK  [0m[   11.895459] cloud-init[961]: |  + o+o.o        |
[   11.895836] cloud-init[961]: |   oEooo         |
[   11.896021] cloud-init[961]: +----[SHA256]-----+
[   11.898240] cloud-init[961]: Generating public/private ed25519 key pair.
[   11.898679] cloud-init[961]: Your identification has been saved in /etc/ssh/ssh_host_ed25519_key.
[   11.900719] cloud-init[961]: Your public key has been saved in /etc/ssh/ssh_host_ed25519_key.pub.
[   11.901090] cloud-init[961]: The key fingerprint is:
[   11.901924] cloud-init[961]: SHA256:sZ4gZuAjmxakcqVJ0ZUskFDMPUATussYSki5IWB4+kk root@ubuntu-bionic
[   11.902221] cloud-init[961]: The key's randomart image is:
[   11.905722] cloud-init[961]: +--[ED25519 256]--+
[   11.905954] cloud-init[961]: |+BOB o..         |
[   11.906621] cloud-init[961]: |+.*o= o          |
[   11.908716] cloud-init[961]: |oBo .o  .        |
[   11.910383] cloud-init[961]: |B+E=     o       |
[   11.913629] cloud-init[961]: |B**.+ . S        |
[   11.914103] cloud-init[961]: |*B++ . o .       |
[   11.915167] cloud-init[961]: |*o      o        |
[   11.915912] cloud-init[961]: |.                |
] Started Discard unused blocks once a week.[   11.916772] cloud-init[961]: |                 |
[   11.917833] cloud-init[961]: +----[SHA256]-----+

         Starting LXD - unix socket.
[[0;32m  OK  [0m] Started Message of the Day.
[[0;32m  OK  [0m] Reached target Timers.
[[0;32m  OK  [0m] Listening on ACPID Listen Socket.
[[0;32m  OK  [0m] Reached target Network is Online.
         Starting Availability of block devices...
[[0;32m  OK  [0m] Reached target Remote File Systems (Pre).
[[0;32m  OK  [0m] Reached target Remote File Systems.
[[0;32m  OK  [0m] Listening on Socket activation for snappy daemon.
[[0;32m  OK  [0m] Listening on LXD - unix socket.
[[0;32m  OK  [0m] Started Availability of block devices.
[[0;32m  OK  [0m] Reached target Sockets.
[[0;32m  OK  [0m] Reached target Basic System.
[[0;32m  OK  [0m] Started irqbalance daemon.
         Starting Pollinate to seed the pseudo random number generator...
         Starting Accounts Service...
         Starting System Logging Service...
[[0;32m  OK  [0m] Started Deferred execution scheduler.
         Starting Virtualbox guest utils...
         Starting LSB: automatic crash report generation...
         Starting LXD - container startup/shutdown...
         Starting Login Service...
         Starting LSB: Record successful boot for GRUB...
[[0;32m  OK  [0m] Started FUSE filesystem for LXC.
         Starting Dispatcher daemon for systemd-networkd...
[[0;32m  OK  [0m] Started Regular background program processing daemon.
[[0;32m  OK  [0m] Started D-Bus System Message Bus.
[[0;32m  OK  [0m] Started Login Service.
[[0;32m  OK  [0m] Started Unattended Upgrades Shutdown.
         Starting Permit User Sessions...
         Starting Snappy daemon...
[[0;32m  OK  [0m] Started System Logging Service.
[[0;32m  OK  [0m] Started LXD - container startup/shutdown.
[[0;32m  OK  [0m] Started Permit User Sessions.
         Starting Hold until boot process finishes up...
         Starting Terminate Plymouth Boot Screen...
[[0;32m  OK  [0m] Started Hold until boot process finishes up.
         Starting Set console scheme...
[[0;32m  OK  [0m] Started Serial Getty on ttyS0.
[[0;32m  OK  [0m] Started Terminate Plymouth Boot Screen.
[[0;32m  OK  [0m] Started LSB: automatic crash report generation.
[[0;32m  OK  [0m] Started Set console scheme.
[[0;32m  OK  [0m] Created slice system-getty.slice.
[[0;32m  OK  [0m] Started Getty on tty1.
[[0;32m  OK  [0m] Reached target Login Prompts.
         Starting Authorization Manager...
[[0;32m  OK  [0m] Started Authorization Manager.
[[0;32m  OK  [0m] Started Accounts Service.
[[0;32m  OK  [0m] Started LSB: Record successful boot for GRUB.
[[0;32m  OK  [0m] Started Virtualbox guest utils.
[[0;32m  OK  [0m] Started Dispatcher daemon for systemd-networkd.
[[0;32m  OK  [0m] Started Snappy daemon.
         Starting Wait until snapd is fully seeded...
[[0;32m  OK  [0m] Started Pollinate to seed the pseudo random number generator.
         Starting OpenBSD Secure Shell server...
[[0;32m  OK  [0m] Started OpenBSD Secure Shell server.
[[0;32m  OK  [0m] Created slice User Slice of vagrant.
         Starting User Manager for UID 1000...
[[0;32m  OK  [0m] Started Session 1 of user vagrant.
[[0;32m  OK  [0m] Started User Manager for UID 1000.
[[0;32m  OK  [0m] Started Wait until snapd is fully seeded.
[[0;32m  OK  [0m] Reached target Multi-User System.
[[0;32m  OK  [0m] Reached target Graphical Interface.
         Starting Update UTMP about System Runlevel Changes...
         Starting Apply the settings specified in cloud-config...
[[0;32m  OK  [0m] Started Update UTMP about System Runlevel Changes.
         Stopping User Manager for UID 1000...
[[0;32m  OK  [0m] Stopped User Manager for UID 1000.
[[0;32m  OK  [0m] Removed slice User Slice of vagrant.
[[0;32m  OK  [0m] Created slice User Slice of vagrant.
         Starting User Manager for UID 1000...
[[0;32m  OK  [0m] Started Session 3 of user vagrant.
[[0;32m  OK  [0m] Started User Manager for UID 1000.
[   16.580992] cloud-init[1677]: Cloud-init v. 19.4-33-gbb4131a2-0ubuntu1~18.04.1 running 'modules:config' at Mon, 22 Jun 2020 04:10:45 +0000. Up 16.15 seconds.
[[0;32m  OK  [0m] Started Apply the settings specified in cloud-config.
         Starting Execute cloud user/final scripts...
ci-info: no authorized SSH keys fingerprints found for user ubuntu.
<14>Jun 22 04:10:46 ec2: 
<14>Jun 22 04:10:46 ec2: #############################################################
<14>Jun 22 04:10:46 ec2: -----BEGIN SSH HOST KEY FINGERPRINTS-----
<14>Jun 22 04:10:46 ec2: 1024 SHA256:ofb+RjiSy5gKzvVIe6L1uCq9C3QcnS39IWEiML2LQA4 root@ubuntu-bionic (DSA)
<14>Jun 22 04:10:46 ec2: 256 SHA256:D2oSOcxxfFR6jO1UwM8KNz4q8QKpJ5WCLYGLTx27H64 root@ubuntu-bionic (ECDSA)
<14>Jun 22 04:10:46 ec2: 256 SHA256:sZ4gZuAjmxakcqVJ0ZUskFDMPUATussYSki5IWB4+kk root@ubuntu-bionic (ED25519)
<14>Jun 22 04:10:46 ec2: 2048 SHA256:PA83hpjdq4Zj9sjm/EIelcuesLKeONqmUaacwe1n5HA root@ubuntu-bionic (RSA)
<14>Jun 22 04:10:46 ec2: -----END SSH HOST KEY FINGERPRINTS-----
<14>Jun 22 04:10:46 ec2: #############################################################
-----BEGIN SSH HOST KEY KEYS-----
ecdsa-sha2-nistp256 AAAAE2VjZHNhLXNoYTItbmlzdHAyNTYAAAAIbmlzdHAyNTYAAABBBM80tn37AzluhMg3derUikn1XguaMDkfWhO/t0nQMRwMLY4Xh1VcibojBrE/iC1y6PtxhIF1nWiCH8LFeW6Aric= root@ubuntu-bionic
ssh-ed25519 AAAAC3NzaC1lZDI1NTE5AAAAIEaFQiuc1GQ+nfO2S3uem2l8Bc60Vd5Ndkr0Cnzn/dgn root@ubuntu-bionic
ssh-rsa AAAAB3NzaC1yc2EAAAADAQABAAABAQCwQ36sAhc8hfD28h+i7BhcMr4YvMcqd1T0nlUlodMJQtlJYJum0ufrCXphv2pQetI0C8WW2KxsDNpXAqZhBIa7eDPvyBD/tv6vPQhyGunHr0Igv+3yyr1Fkdq5JYpqbjzx0MG57wBVQoB3vtDIgkJIl688ZEWa57EPF1mdYBP9hIuQRmShIG5S5C319obbsMPRgEOC9weqLn8axuGqVLKCPcREI3iqrp/H04RHuu4P70M3mbaoJUN9e7DPP72de4vtQxZgMzicL93sNSplQW60leqd0coQkGP2yMXI3qCDGbK9t1OFkqFLD5enPW/06Lt2paHszgWCDXaVPildFXbR root@ubuntu-bionic
-----END SSH HOST KEY KEYS-----
[   17.234861] cloud-init[1849]: Cloud-init v. 19.4-33-gbb4131a2-0ubuntu1~18.04.1 running 'modules:final' at Mon, 22 Jun 2020 04:10:46 +0000. Up 17.05 seconds.
[   17.237328] cloud-init[1849]: ci-info: no authorized SSH keys fingerprints found for user ubuntu.
[   17.248320] cloud-init[1849]: Cloud-init v. 19.4-33-gbb4131a2-0ubuntu1~18.04.1 finished at Mon, 22 Jun 2020 04:10:47 +0000. Datasource DataSourceNoCloud [seed=/dev/sdb][dsmode=net].  Up 17.22 seconds
[[0;32m  OK  [0m] Started Execute cloud user/final scripts.
[[0;32m  OK  [0m] Reached target Cloud-init target.

Ubuntu 18.04.4 LTS ubuntu-bionic ttyS0

ubuntu-bionic login: 